f:\programm\vs 2015\sdl_chess\lib_cktsdl\debug\vc140.pdb
f:\programm\vs 2015\sdl_chess\lib_cktsdl\debug\vc140.idb
f:\programm\vs 2015\sdl_chess\lib_cktsdl\debug\dllmain.obj
f:\programm\vs 2015\sdl_chess\lib_cktsdl\debug\cleanup.obj
f:\programm\vs 2015\sdl_chess\lib_cktsdl\debug\clock.obj
f:\programm\vs 2015\sdl_chess\lib_cktsdl\debug\collision.obj
f:\programm\vs 2015\sdl_chess\lib_cktsdl\debug\collisioncircle.obj
f:\programm\vs 2015\sdl_chess\lib_cktsdl\debug\collisionrect.obj
f:\programm\vs 2015\sdl_chess\lib_cktsdl\debug\common.obj
f:\programm\vs 2015\sdl_chess\lib_cktsdl\debug\entity.obj
f:\programm\vs 2015\sdl_chess\lib_cktsdl\debug\fontmanager.obj
f:\programm\vs 2015\sdl_chess\lib_cktsdl\debug\gfxobject.obj
f:\programm\vs 2015\sdl_chess\lib_cktsdl\debug\graphics.obj
f:\programm\vs 2015\sdl_chess\lib_cktsdl\debug\inifileio.obj
f:\programm\vs 2015\sdl_chess\lib_cktsdl\debug\moveableobject.obj
f:\programm\vs 2015\sdl_chess\lib_cktsdl\debug\objectbase.obj
f:\programm\vs 2015\sdl_chess\lib_cktsdl\debug\point2d.obj
f:\programm\vs 2015\sdl_chess\lib_cktsdl\debug\texturemanager.obj
f:\programm\vs 2015\sdl_chess\lib_cktsdl\debug\timer.obj
f:\programm\vs 2015\sdl_chess\lib_cktsdl\debug\timeron.obj
f:\programm\vs 2015\sdl_chess\lib_cktsdl\debug\util.obj
f:\programm\vs 2015\sdl_chess\lib_cktsdl\debug\version.obj
f:\programm\vs 2015\sdl_chess\lib_cktsdl\debug\lib_cktsdl.obj
f:\programm\vs 2015\sdl_chess\lib_cktsdl\debug\background.obj
f:\programm\vs 2015\sdl_chess\lib_cktsdl\debug\color.obj
f:\programm\vs 2015\sdl_chess\debug\lib_cktsdl.lib
f:\programm\vs 2015\sdl_chess\debug\lib_cktsdl.exp
f:\programm\vs 2015\sdl_chess\debug\lib_cktsdl.ilk
f:\programm\vs 2015\sdl_chess\debug\lib_cktsdl.dll
f:\programm\vs 2015\sdl_chess\debug\lib_cktsdl.pdb
f:\programm\vs 2015\sdl_chess\lib_cktsdl\debug\lib_cktsdl.tlog\cl.command.1.tlog
f:\programm\vs 2015\sdl_chess\lib_cktsdl\debug\lib_cktsdl.tlog\cl.read.1.tlog
f:\programm\vs 2015\sdl_chess\lib_cktsdl\debug\lib_cktsdl.tlog\cl.write.1.tlog
f:\programm\vs 2015\sdl_chess\lib_cktsdl\debug\lib_cktsdl.tlog\lib_cktsdl.write.1u.tlog
f:\programm\vs 2015\sdl_chess\lib_cktsdl\debug\lib_cktsdl.tlog\link.command.1.tlog
f:\programm\vs 2015\sdl_chess\lib_cktsdl\debug\lib_cktsdl.tlog\link.read.1.tlog
f:\programm\vs 2015\sdl_chess\lib_cktsdl\debug\lib_cktsdl.tlog\link.write.1.tlog
