f:\programm\vs 2015\sdl_chess\lib_cktsdl_gui\debug\vc140.pdb
f:\programm\vs 2015\sdl_chess\lib_cktsdl_gui\debug\vc140.idb
f:\programm\vs 2015\sdl_chess\lib_cktsdl_gui\debug\dllmain.obj
f:\programm\vs 2015\sdl_chess\lib_cktsdl_gui\debug\groupboxbtn.obj
f:\programm\vs 2015\sdl_chess\lib_cktsdl_gui\debug\groupboxrbtn.obj
f:\programm\vs 2015\sdl_chess\lib_cktsdl_gui\debug\guibase.obj
f:\programm\vs 2015\sdl_chess\lib_cktsdl_gui\debug\guicontainer.obj
f:\programm\vs 2015\sdl_chess\lib_cktsdl_gui\debug\guieventargs.obj
f:\programm\vs 2015\sdl_chess\lib_cktsdl_gui\debug\guiscrollablecontainer.obj
f:\programm\vs 2015\sdl_chess\lib_cktsdl_gui\debug\label.obj
f:\programm\vs 2015\sdl_chess\lib_cktsdl_gui\debug\menubar.obj
f:\programm\vs 2015\sdl_chess\lib_cktsdl_gui\debug\menuitem.obj
f:\programm\vs 2015\sdl_chess\lib_cktsdl_gui\debug\panel.obj
f:\programm\vs 2015\sdl_chess\lib_cktsdl_gui\debug\progressbar.obj
f:\programm\vs 2015\sdl_chess\lib_cktsdl_gui\debug\progressbarh.obj
f:\programm\vs 2015\sdl_chess\lib_cktsdl_gui\debug\progressbarv.obj
f:\programm\vs 2015\sdl_chess\lib_cktsdl_gui\debug\radiobtn.obj
f:\programm\vs 2015\sdl_chess\lib_cktsdl_gui\debug\scrollbar.obj
f:\programm\vs 2015\sdl_chess\lib_cktsdl_gui\debug\scrollbarhor.obj
f:\programm\vs 2015\sdl_chess\lib_cktsdl_gui\debug\scrollbarver.obj
f:\programm\vs 2015\sdl_chess\lib_cktsdl_gui\debug\simplescrollbarver.obj
f:\programm\vs 2015\sdl_chess\lib_cktsdl_gui\debug\togglebtn.obj
f:\programm\vs 2015\sdl_chess\lib_cktsdl_gui\debug\lib_cktsdl_gui.obj
f:\programm\vs 2015\sdl_chess\lib_cktsdl_gui\debug\btn.obj
f:\programm\vs 2015\sdl_chess\lib_cktsdl_gui\debug\btneventargs.obj
f:\programm\vs 2015\sdl_chess\lib_cktsdl_gui\debug\focusableobj.obj
f:\programm\vs 2015\sdl_chess\debug\lib_cktsdl_gui.lib
f:\programm\vs 2015\sdl_chess\debug\lib_cktsdl_gui.exp
f:\programm\vs 2015\sdl_chess\debug\lib_cktsdl_gui.ilk
f:\programm\vs 2015\sdl_chess\debug\lib_cktsdl_gui.dll
f:\programm\vs 2015\sdl_chess\debug\lib_cktsdl_gui.pdb
f:\programm\vs 2015\sdl_chess\lib_cktsdl_gui\debug\lib_cktsdl_gui.tlog\cl.command.1.tlog
f:\programm\vs 2015\sdl_chess\lib_cktsdl_gui\debug\lib_cktsdl_gui.tlog\cl.read.1.tlog
f:\programm\vs 2015\sdl_chess\lib_cktsdl_gui\debug\lib_cktsdl_gui.tlog\cl.write.1.tlog
f:\programm\vs 2015\sdl_chess\lib_cktsdl_gui\debug\lib_cktsdl_gui.tlog\lib_cktsdl_gui.write.1u.tlog
f:\programm\vs 2015\sdl_chess\lib_cktsdl_gui\debug\lib_cktsdl_gui.tlog\link.command.1.tlog
f:\programm\vs 2015\sdl_chess\lib_cktsdl_gui\debug\lib_cktsdl_gui.tlog\link.read.1.tlog
f:\programm\vs 2015\sdl_chess\lib_cktsdl_gui\debug\lib_cktsdl_gui.tlog\link.write.1.tlog
